SF:lib\domain\models\todo_model.dart
DA:11,5
DA:19,2
DA:23,2
DA:24,2
DA:28,2
DA:32,2
DA:39,2
DA:40,2
DA:41,1
DA:42,2
DA:43,0
DA:44,2
DA:48,1
DA:49,1
DA:50,1
DA:51,1
DA:52,1
DA:53,1
DA:54,2
DA:58,1
DA:59,1
DA:60,1
DA:61,1
DA:62,1
DA:63,1
DA:64,2
DA:68,1
DA:69,1
DA:70,1
DA:71,1
DA:72,1
DA:73,2
DA:74,2
DA:78,1
DA:79,6
LF:35
LH:34
end_of_record
SF:lib\data\services\todo_service.dart
DA:8,0
DA:10,0
DA:14,0
DA:15,0
DA:16,0
DA:18,0
DA:21,0
DA:22,0
DA:35,0
DA:36,0
DA:37,0
DA:39,0
DA:44,0
DA:45,0
DA:46,0
DA:47,0
DA:50,0
DA:51,0
DA:52,0
DA:54,0
DA:56,0
DA:60,0
DA:61,0
DA:62,0
LF:24
LH:0
end_of_record
SF:lib\data\repositories\todo_repository.dart
DA:14,1
DA:16,1
DA:18,2
DA:21,1
DA:23,2
DA:26,1
DA:28,2
DA:31,1
DA:33,2
LF:9
LH:9
end_of_record
SF:lib\ui\Todo\viewModel\todo_viewmodel.dart
DA:11,1
DA:13,1
DA:14,1
DA:15,3
DA:16,1
DA:19,1
DA:20,1
DA:21,2
DA:22,1
DA:25,1
DA:26,2
DA:27,2
DA:28,1
DA:31,1
DA:32,2
DA:33,1
DA:36,1
DA:37,1
DA:38,1
LF:19
LH:19
end_of_record
SF:lib\ui\Todo\todo_screen.dart
DA:7,1
DA:9,1
DA:10,1
DA:17,1
DA:19,1
DA:21,3
DA:22,1
DA:23,3
DA:28,1
DA:30,2
DA:31,2
DA:32,1
DA:35,1
DA:36,3
DA:37,3
DA:39,2
DA:40,2
DA:41,2
DA:42,2
DA:46,1
DA:48,1
DA:50,1
DA:51,1
DA:56,1
DA:58,1
DA:59,1
DA:60,1
DA:62,1
DA:63,1
DA:65,1
DA:67,1
DA:68,1
DA:69,1
DA:70,1
DA:77,1
DA:78,1
DA:85,1
DA:87,1
DA:88,2
DA:89,1
DA:92,1
DA:93,1
DA:104,1
DA:105,0
DA:106,2
DA:107,1
DA:109,1
DA:110,1
DA:111,2
DA:112,0
DA:113,1
DA:114,2
DA:115,1
DA:116,2
DA:117,1
DA:124,0
DA:125,1
DA:126,1
DA:127,1
DA:128,1
DA:131,1
DA:133,0
DA:135,1
DA:136,1
DA:137,1
DA:139,1
DA:143,2
DA:144,1
DA:145,7
LF:69
LH:65
end_of_record
